{
  "numTotalTestSuites": 10,
  "numPassedTestSuites": 10,
  "numFailedTestSuites": 0,
  "numPendingTestSuites": 0,
  "numTotalTests": 7,
  "numPassedTests": 7,
  "numFailedTests": 0,
  "numPendingTests": 0,
  "numTodoTests": 0,
  "startTime": 1706942816755,
  "success": true,
  "testResults": [
    {
      "assertionResults": [
        {
          "ancestorTitles": [
            "",
            "Navbar.vue"
          ],
          "fullName": " Navbar.vue should toggle the class on click",
          "status": "passed",
          "title": "should toggle the class on click",
          "duration": 112,
          "failureMessages": []
        }
      ],
      "startTime": 1706942823953,
      "endTime": 1706942824065,
      "status": "passed",
      "message": "",
      "name": "C:/Users/kassu/Desktop/vue-testing/heppasekailu/src/components/Navbar.spec.ts"
    },
    {
      "assertionResults": [
        {
          "ancestorTitles": [
            "",
            "Kisa.vue"
          ],
          "fullName": " Kisa.vue should display a race name and its ponies",
          "status": "passed",
          "title": "should display a race name and its ponies",
          "duration": 120,
          "failureMessages": []
        }
      ],
      "startTime": 1706942820614,
      "endTime": 1706942820734,
      "status": "passed",
      "message": "",
      "name": "C:/Users/kassu/Desktop/vue-testing/heppasekailu/src/utils/Kisa.spec.ts"
    },
    {
      "assertionResults": [
        {
          "ancestorTitles": [
            "",
            "App.vue"
          ],
          "fullName": " App.vue renders a title",
          "status": "passed",
          "title": "renders a title",
          "duration": 88,
          "failureMessages": []
        },
        {
          "ancestorTitles": [
            ""
          ],
          "fullName": " renders the navbar",
          "status": "passed",
          "title": "renders the navbar",
          "duration": 16,
          "failureMessages": []
        },
        {
          "ancestorTitles": [
            ""
          ],
          "fullName": " renders the kisat list",
          "status": "passed",
          "title": "renders the kisat list",
          "duration": 16,
          "failureMessages": []
        }
      ],
      "startTime": 1706942827440,
      "endTime": 1706942827561,
      "status": "passed",
      "message": "",
      "name": "C:/Users/kassu/Desktop/vue-testing/heppasekailu/src/__tests__/App.spec.ts"
    },
    {
      "assertionResults": [
        {
          "ancestorTitles": [
            "",
            "Kisa.vue"
          ],
          "fullName": " Kisa.vue should display a race name and its ponies",
          "status": "passed",
          "title": "should display a race name and its ponies",
          "duration": 117,
          "failureMessages": []
        }
      ],
      "startTime": 1706942820584,
      "endTime": 1706942820701,
      "status": "passed",
      "message": "",
      "name": "C:/Users/kassu/Desktop/vue-testing/heppasekailu/src/__tests__/Kisa.spec.ts"
    },
    {
      "assertionResults": [
        {
          "ancestorTitles": [
            "",
            "Kisat.vue"
          ],
          "fullName": " Kisat.vue should display every race name in a title",
          "status": "passed",
          "title": "should display every race name in a title",
          "duration": 60,
          "failureMessages": []
        }
      ],
      "startTime": 1706942824494,
      "endTime": 1706942824554,
      "status": "passed",
      "message": "",
      "name": "C:/Users/kassu/Desktop/vue-testing/heppasekailu/src/__tests__/Kisat.spec.ts"
    }
  ]
}